2026-04-23 22:34:04,633 - PakSentinel - INFO - Initializing PakSentinel Lifespan context...
2026-04-23 22:34:05,982 - PakSentinel - INFO - Loading Production Model PakSentinel_Best_LogReg (v1)
2026-04-23 22:34:06,233 - PakSentinel - INFO - Initializing Vectorizer and Fact-Check Database...
2026-04-23 22:34:07,608 - PakSentinel - INFO - Classified text as fake
2026-04-23 22:34:07,653 - PakSentinel - INFO - Shutting down PakSentinel...
2026-04-23 22:36:02,572 - PakSentinel - INFO - Initializing PakSentinel Lifespan context...
2026-04-23 22:36:03,568 - PakSentinel - INFO - Loading Production Model PakSentinel_Best_LogReg (v1)
2026-04-23 22:36:03,841 - PakSentinel - INFO - Initializing Vectorizer and Fact-Check Database...
2026-05-01 17:12:37,961 - PakSentinel - INFO - Initializing PakSentinel Lifespan context...
2026-05-01 17:12:39,417 - PakSentinel - INFO - Loading Production Model PakSentinel_Best_LogReg (v1)
2026-05-01 17:12:40,028 - PakSentinel - INFO - Initializing Vectorizer and Fact-Check Database...
2026-05-01 17:14:13,637 - PakSentinel - INFO - Shutting down PakSentinel...
2026-05-01 17:35:32,787 - PakSentinel - INFO - Initializing PakSentinel Lifespan context...
2026-05-01 17:35:34,041 - PakSentinel - INFO - Loading Production Model PakSentinel_Best_LogReg (v1)
2026-05-01 17:35:34,706 - PakSentinel - INFO - Initializing Vectorizer and Fact-Check Database...
2026-05-01 17:36:04,560 - PakSentinel - INFO - Shutting down PakSentinel...
2026-05-01 17:36:25,263 - PakSentinel - INFO - Initializing PakSentinel Lifespan context...
2026-05-01 17:36:26,154 - PakSentinel - INFO - Loading Production Model PakSentinel_Best_LogReg (v1)
2026-05-01 17:36:26,376 - PakSentinel - INFO - Initializing Vectorizer and Fact-Check Database...
2026-05-01 17:36:54,370 - PakSentinel - INFO - Shutting down PakSentinel...
2026-05-01 17:37:03,118 - PakSentinel - INFO - Initializing PakSentinel Lifespan context...
2026-05-01 17:37:04,017 - PakSentinel - INFO - Loading Production Model PakSentinel_Best_LogReg (v1)
2026-05-01 17:37:04,241 - PakSentinel - INFO - Initializing Vectorizer and Fact-Check Database...
2026-05-01 17:38:13,003 - PakSentinel - INFO - Shutting down PakSentinel...
2026-05-01 17:38:21,197 - PakSentinel - INFO - Initializing PakSentinel Lifespan context...
2026-05-01 17:38:22,097 - PakSentinel - INFO - Loading Production Model PakSentinel_Best_LogReg (v1)
2026-05-01 17:38:22,332 - PakSentinel - INFO - Initializing Vectorizer and Fact-Check Database...
2026-05-01 17:39:42,348 - PakSentinel - INFO - Shutting down PakSentinel...
2026-05-01 17:40:33,253 - PakSentinel - INFO - Initializing PakSentinel Lifespan context...
2026-05-01 17:40:34,208 - PakSentinel - INFO - Loading Production Model PakSentinel_Best_LogReg (v1)
2026-05-01 17:40:34,451 - PakSentinel - INFO - Initializing Vectorizer and Fact-Check Database...
2026-05-01 17:44:31,331 - PakSentinel - INFO - Initializing PakSentinel Lifespan context...
2026-05-01 17:44:32,302 - PakSentinel - INFO - Loading Production Model PakSentinel_Best_LogReg (v1)
2026-05-01 17:44:32,525 - PakSentinel - INFO - Initializing Vectorizer and Fact-Check Database...
2026-05-01 22:10:26,326 - PakSentinel - INFO - Initializing PakSentinel Lifespan context...
2026-05-01 22:10:27,326 - PakSentinel - INFO - Loading Production Model PakSentinel_Best_LogReg (v1)
2026-05-01 22:10:27,487 - PakSentinel - INFO - Initializing Vectorizer and Fact-Check Database...
2026-05-01 22:10:32,852 - PakSentinel - INFO - Shutting down PakSentinel...
2026-05-01 22:10:48,399 - PakSentinel - INFO - Initializing PakSentinel Lifespan context...
2026-05-01 22:10:49,278 - PakSentinel - INFO - Loading Production Model PakSentinel_Best_LogReg (v1)
2026-05-01 22:10:49,524 - PakSentinel - INFO - Initializing Vectorizer and Fact-Check Database...
2026-05-01 22:12:34,550 - PakSentinel - INFO - Initializing PakSentinel Lifespan context...
2026-05-01 22:12:35,566 - PakSentinel - INFO - Loading Production Model PakSentinel_Best_LogReg (v1)
2026-05-01 22:12:35,723 - PakSentinel - INFO - Initializing Vectorizer and Fact-Check Database...
2026-05-01 22:12:41,125 - PakSentinel - INFO - Shutting down PakSentinel...
2026-05-01 22:13:04,610 - PakSentinel - INFO - Shutting down PakSentinel...
2026-05-01 22:13:09,396 - PakSentinel - INFO - Initializing PakSentinel Lifespan context...
2026-05-01 22:13:10,298 - PakSentinel - INFO - Loading Production Model PakSentinel_Best_LogReg (v1)
2026-05-01 22:13:10,551 - PakSentinel - INFO - Initializing Vectorizer and Fact-Check Database...
2026-05-01 22:17:29,445 - PakSentinel - INFO - Initializing PakSentinel Lifespan context...
2026-05-01 22:17:30,582 - PakSentinel - INFO - Loading Production Model PakSentinel_Best_LogReg (v1)
2026-05-01 22:17:30,739 - PakSentinel - INFO - Initializing Vectorizer and Fact-Check Database...
2026-05-01 22:17:34,922 - PakSentinel - INFO - Classified text as real
2026-05-01 22:17:35,007 - PakSentinel - INFO - Shutting down PakSentinel...
2026-05-01 22:30:30,563 - PakSentinel - INFO - Initializing PakSentinel Lifespan context...
2026-05-01 22:30:32,457 - PakSentinel - INFO - Loading Production Model PakSentinel_Best_LogReg (v1)
2026-05-01 22:30:32,725 - PakSentinel - INFO - Initializing Vectorizer and Fact-Check Database...
2026-05-01 22:30:38,922 - PakSentinel - INFO - Classified text as real
2026-05-01 22:30:39,115 - PakSentinel - INFO - Shutting down PakSentinel...
2026-05-01 22:30:51,108 - PakSentinel - INFO - Initializing PakSentinel Lifespan context...
2026-05-01 22:30:53,073 - PakSentinel - INFO - Loading Production Model PakSentinel_Best_LogReg (v1)
2026-05-01 22:30:53,534 - PakSentinel - INFO - Initializing Vectorizer and Fact-Check Database...
2026-05-01 22:36:56,498 - PakSentinel - INFO - Initializing PakSentinel Lifespan context...
2026-05-01 22:36:58,010 - PakSentinel - INFO - Loading Production Model PakSentinel_Best_LogReg (v1)
2026-05-01 22:36:58,281 - PakSentinel - INFO - Initializing Vectorizer and Fact-Check Database...
2026-05-01 22:37:03,957 - PakSentinel - INFO - Classified text as real
2026-05-01 22:37:04,166 - PakSentinel - INFO - Shutting down PakSentinel...
2026-05-01 22:38:01,123 - PakSentinel - INFO - Initializing PakSentinel Lifespan context...
2026-05-01 22:38:03,064 - PakSentinel - INFO - Loading Production Model PakSentinel_Best_LogReg (v1)
2026-05-01 22:38:03,452 - PakSentinel - INFO - Initializing Vectorizer and Fact-Check Database...
2026-05-01 22:48:56,034 - PakSentinel - INFO - Shutting down PakSentinel...
2026-05-01 22:49:01,086 - PakSentinel - INFO - Initializing PakSentinel Lifespan context...
2026-05-01 22:49:02,077 - PakSentinel - INFO - Loading Production Model PakSentinel_Best_LogReg (v1)
2026-05-01 22:49:02,537 - PakSentinel - INFO - Initializing Vectorizer and Fact-Check Database...
2026-05-01 23:26:58,689 - PakSentinel - INFO - Shutting down PakSentinel...
2026-05-01 23:27:03,676 - PakSentinel - INFO - Initializing PakSentinel Lifespan context...
2026-05-01 23:27:04,660 - PakSentinel - INFO - Loading Production Model PakSentinel_Best_LogReg (v1)
2026-05-01 23:27:04,928 - PakSentinel - INFO - Initializing Vectorizer and Fact-Check Database...
2026-05-01 23:33:12,268 - PakSentinel - INFO - Shutting down PakSentinel...
2026-05-01 23:33:17,300 - PakSentinel - INFO - Initializing PakSentinel Lifespan context...
2026-05-01 23:33:18,349 - PakSentinel - INFO - Loading Production Model PakSentinel_Best_LogReg (v1)
2026-05-01 23:33:18,650 - PakSentinel - INFO - Initializing Vectorizer and Fact-Check Database...
2026-05-01 23:34:41,814 - PakSentinel - INFO - Shutting down PakSentinel...
2026-05-01 23:34:46,774 - PakSentinel - INFO - Initializing PakSentinel Lifespan context...
2026-05-01 23:34:47,737 - PakSentinel - INFO - Loading Production Model PakSentinel_Best_LogReg (v1)
2026-05-01 23:34:48,022 - PakSentinel - INFO - Initializing Vectorizer and Fact-Check Database...
2026-05-01 23:34:59,280 - PakSentinel - INFO - Shutting down PakSentinel...
2026-05-01 23:35:04,816 - PakSentinel - INFO - Initializing PakSentinel Lifespan context...
2026-05-01 23:35:05,829 - PakSentinel - INFO - Loading Production Model PakSentinel_Best_LogReg (v1)
2026-05-01 23:35:06,116 - PakSentinel - INFO - Initializing Vectorizer and Fact-Check Database...
2026-05-01 23:37:40,548 - PakSentinel - INFO - Shutting down PakSentinel...
2026-05-01 23:37:45,710 - PakSentinel - INFO - Initializing PakSentinel Lifespan context...
2026-05-01 23:37:46,701 - PakSentinel - INFO - Loading Production Model PakSentinel_Best_LogReg (v1)
2026-05-01 23:37:46,975 - PakSentinel - INFO - Initializing Vectorizer and Fact-Check Database...
2026-05-01 23:43:28,968 - PakSentinel - INFO - Shutting down PakSentinel...
2026-05-01 23:43:33,835 - PakSentinel - INFO - Initializing PakSentinel Lifespan context...
2026-05-01 23:43:34,772 - PakSentinel - INFO - Loading Production Model PakSentinel_Best_LogReg (v1)
2026-05-01 23:43:35,051 - PakSentinel - INFO - Initializing Vectorizer and Fact-Check Database...
